>>> import simuPOP as sim
>>> pop = sim.Population(size=10000, loci=10, lociPos=range(5) + range(10, 15))
>>> pop.evolve(
...     initOps=[
...         sim.InitSex(),
...         sim.InitGenotype(haplotypes=[[0]*10,[1]*10]),
...     ],
...     matingScheme=sim.RandomMating(ops=sim.Recombinator(intensity=0.0005)),
...     postOps=[
...         sim.Stat(LD=[[1,2],[4,5],[8,9],[0,9]], step=10),
...         sim.PyEval(r"'gen=%d\tLD12=%.3f (%.3f)\tLD45=%.3f (%.3f)\tLD09=%.3f\n'%"
...             "(gen, LD[1][2], 0.25*0.9995**(gen+1), LD[4][5],"
...             "0.25*0.9975**(gen+1),LD[0][9])", step=10)
...     ],
...     gen=100
... )
gen=0	LD12=0.250 (0.250)	LD45=0.249 (0.249)	LD09=0.248
gen=10	LD12=0.249 (0.249)	LD45=0.242 (0.243)	LD09=0.232
gen=20	LD12=0.248 (0.247)	LD45=0.234 (0.237)	LD09=0.213
gen=30	LD12=0.247 (0.246)	LD45=0.225 (0.231)	LD09=0.201
gen=40	LD12=0.246 (0.245)	LD45=0.216 (0.226)	LD09=0.189
gen=50	LD12=0.246 (0.244)	LD45=0.214 (0.220)	LD09=0.178
gen=60	LD12=0.245 (0.242)	LD45=0.208 (0.215)	LD09=0.166
gen=70	LD12=0.246 (0.241)	LD45=0.202 (0.209)	LD09=0.156
gen=80	LD12=0.245 (0.240)	LD45=0.193 (0.204)	LD09=0.147
gen=90	LD12=0.245 (0.239)	LD45=0.186 (0.199)	LD09=0.136
100

