>>> import simuOpt
>>> simuOpt.setOptions(gui=False, alleleType='binary')
>>> import simuPOP as sim
simuPOP : Copyright (c) 2004-2010 Bo Peng
Developmental Version 1.0.5svn (Revision 3819, Nov 17 2010) for Python 2.7
[MSC v.1500 32 bit (Intel)]
Random Number Generator is set to mt19937 with random seed 0xda17de78.
This is the standard binary allele version with 2 maximum allelic states.
For more information, please visit http://simupop.sourceforge.net,
or email simupop-list@lists.sourceforge.net (subscription required).
>>> import random, math
>>> 
>>> from ch6_genCaseCtrl import genCaseControlSample
>>> 
>>> def penetrance(alpha, beta1, beta2, beta3, gamma1, gamma2):
...     def func(geno):
...         e = random.randint(0, 1)
...         g1 = geno[0] + geno[1]
...         g2 = geno[2] + geno[3]
...         logit = alpha + beta1*g1 + beta2*g2 + beta3*g1*g2 + gamma1*e*g1 + gamma2*e*g2
...         return 1 / (1. + math.exp(-logit))
...     return func
... 
>>> sample = genCaseControlSample(pop, 1000, 1000,
...     sim.PyPenetrance(func=penetrance(-5, 0.20, 0.4, 0.4, 0.2, 0.4),
...         loci=['rs4491689', 'rs6869003']))
>>> sim.stat(sample, association=sim.ALL_AVAIL)
>>> # get p-values
>>> sample.dvars().Allele_ChiSq_p
{0: 7.136427596088346e-06, 1: 0.0}

