>>> import simuPOP as sim
>>> from random import randint
>>> 
>>> def podParentsChooser(pop, subPop):
...     '''Choose parents of parents from different pods'''
...     males = [x for x in pop.individuals(subPop) if x.sex() == sim.MALE]
...     females = [x for x in pop.individuals(subPop) if x.sex() == sim.FEMALE]
...     while True:
...         # randomly choose a male
...         male = males[random.randint(0, len(males)-1)]
...         pod = male.pod
...         # randomly choose a female from different pod
...         while True:
...             female = females[randint(0, len(females)-1)]
...             if female.pod != pod:
...                 break
...         yield (male, female)
... 
>>> pop = sim.Population(5000, loci=[1,1], infoFields=['pod'],
...     chromTypes=[sim.AUTOSOME, sim.CUSTOMIZED])
>>> pop.setVirtualSplitter(sim.InfoSplitter('pod', values=range(5)))
>>> pop.evolve(
...     initOps = [
...         sim.InitSex(),
...         # assign individuals to a random pod
...         sim.InitInfo(lambda : randint(0, 4), infoFields='pod'),
...         # only the first pod has the disease alleles
...         sim.InitGenotype(freq=[0.8, 0.2], subPops=[(0,0)]),
...     ],
...     matingScheme = sim.HomoMating(
...         sim.PyParentsChooser(podParentsChooser),
...         sim.OffspringGenerator(numOffspring=1, ops=[
...             sim.MendelianGenoTransmitter(),
...             sim.MitochondrialGenoTransmitter(),
...             # offspring stays with their natal pod
...             sim.InheritTagger(mode=sim.MATERNAL, infoFields='pod')])),
...     postOps = [
...         # calulate allele frequency at each pod
...         sim.Stat(alleleFreq=(0,1), vars='alleleFreq_sp',
...             subPops=[(0, sim.ALL_AVAIL)]),
...         sim.PyEval(r"'Loc0: %s Loc1: %s\n' % ("
...     "', '.join(['%.3f' % subPop[(0,x)]['alleleFreq'][0][1] for x in range(5)]),"
...     "', '.join(['%.3f' % subPop[(0,x)]['alleleFreq'][1][1] for x in range(5)]))"),
...     ],
...     gen = 10
... )
Loc0: 0.086, 0.021, 0.026, 0.025, 0.022 Loc1: 0.108, 0.000, 0.000, 0.000, 0.000
Loc0: 0.055, 0.028, 0.027, 0.033, 0.032 Loc1: 0.103, 0.000, 0.000, 0.000, 0.000
Loc0: 0.039, 0.030, 0.033, 0.023, 0.031 Loc1: 0.094, 0.000, 0.000, 0.000, 0.000
Loc0: 0.042, 0.034, 0.030, 0.024, 0.025 Loc1: 0.092, 0.000, 0.000, 0.000, 0.000
Loc0: 0.036, 0.036, 0.021, 0.033, 0.026 Loc1: 0.102, 0.000, 0.000, 0.000, 0.000
Loc0: 0.023, 0.030, 0.032, 0.029, 0.026 Loc1: 0.085, 0.000, 0.000, 0.000, 0.000
Loc0: 0.032, 0.034, 0.030, 0.028, 0.021 Loc1: 0.095, 0.000, 0.000, 0.000, 0.000
Loc0: 0.036, 0.026, 0.027, 0.036, 0.026 Loc1: 0.118, 0.000, 0.000, 0.000, 0.000
Loc0: 0.036, 0.027, 0.023, 0.037, 0.024 Loc1: 0.126, 0.000, 0.000, 0.000, 0.000
Loc0: 0.026, 0.029, 0.030, 0.029, 0.036 Loc1: 0.119, 0.000, 0.000, 0.000, 0.000
10

